[    0.000000] Linux version 4.15.0-76-generic (buildd@lcy01-amd64-029) (gcc version 7.4.0 (Ubuntu 7.4.0-1ubuntu1~18.04.1)) #86-Ubuntu SMP Fri Jan 17 17:24:28 UTC 2020 (Ubuntu 4.15.0-76.86-generic 4.15.18)
[    0.000000] Command line: BOOT_IMAGE=/boot/vmlinuz-4.15.0-76-generic root=LABEL=cloudimg-rootfs ro console=tty1 console=ttyS0
[    0.000000] KERNEL supported cpus:
[    0.000000]   Intel GenuineIntel
[    0.000000]   AMD AuthenticAMD
[    0.000000]   Centaur CentaurHauls
[    0.000000] x86/fpu: Supporting XSAVE feature 0x001: 'x87 floating point registers'
[    0.000000] x86/fpu: Supporting XSAVE feature 0x002: 'SSE registers'
[    0.000000] x86/fpu: Supporting XSAVE feature 0x004: 'AVX registers'
[    0.000000] x86/fpu: xstate_offset[2]:  576, xstate_sizes[2]:  256
[    0.000000] x86/fpu: Enabled xstate features 0x7, context size is 832 bytes, using 'standard' format.
[    0.000000] e820: BIOS-provided physical RAM map:
[    0.000000] BIOS-e820: [mem 0x0000000000000000-0x000000000009fbff] usable
[    0.000000] BIOS-e820: [mem 0x000000000009fc00-0x000000000009ffff] reserved
[    0.000000] BIOS-e820: [mem 0x00000000000f0000-0x00000000000fffff] reserved
[    0.000000] BIOS-e820: [mem 0x0000000000100000-0x000000003ffeffff] usable
[    0.000000] BIOS-e820: [mem 0x000000003fff0000-0x000000003fffffff] ACPI data
[    0.000000] BIOS-e820: [mem 0x00000000fec00000-0x00000000fec00fff] reserved
[    0.000000] BIOS-e820: [mem 0x00000000fee00000-0x00000000fee00fff] reserved
[    0.000000] BIOS-e820: [mem 0x00000000fffc0000-0x00000000ffffffff] reserved
[    0.000000] NX (Execute Disable) protection: active
[    0.000000] SMBIOS 2.5 present.
[    0.000000] DMI: innotek GmbH VirtualBox/VirtualBox, BIOS VirtualBox 12/01/2006
[    0.000000] Hypervisor detected: KVM
[    0.000000] e820: last_pfn = 0x3fff0 max_arch_pfn = 0x400000000
[    0.000000] MTRR: Disabled
[    0.000000] x86/PAT: MTRRs disabled, skipping PAT initialization too.
[    0.000000] CPU MTRRs all blank - virtualized system.
[    0.000000] x86/PAT: Configuration [0-7]: WB  WT  UC- UC  WB  WT  UC- UC  
[    0.000000] found SMP MP-table at [mem 0x0009fff0-0x0009ffff]
[    0.000000] Scanning 1 areas for low memory corruption
[    0.000000] RAMDISK: [mem 0x35a6f000-0x36d2efff]
[    0.000000] ACPI: Early table checksum verification disabled
[    0.000000] ACPI: RSDP 0x00000000000E0000 000024 (v02 VBOX  )
[    0.000000] ACPI: XSDT 0x000000003FFF0030 00003C (v01 VBOX   VBOXXSDT 00000001 ASL  00000061)
[    0.000000] ACPI: FACP 0x000000003FFF00F0 0000F4 (v04 VBOX   VBOXFACP 00000001 ASL  00000061)
[    0.000000] ACPI: DSDT 0x000000003FFF0470 0022EA (v02 VBOX   VBOXBIOS 00000002 INTL 20100528)
[    0.000000] ACPI: FACS 0x000000003FFF0200 000040
[    0.000000] ACPI: FACS 0x000000003FFF0200 000040
[    0.000000] ACPI: APIC 0x000000003FFF0240 00005C (v02 VBOX   VBOXAPIC 00000001 ASL  00000061)
[    0.000000] ACPI: SSDT 0x000000003FFF02A0 0001CC (v01 VBOX   VBOXCPUT 00000002 INTL 20100528)
[    0.000000] No NUMA configuration found
[    0.000000] Faking a node at [mem 0x0000000000000000-0x000000003ffeffff]
[    0.000000] NODE_DATA(0) allocated [mem 0x3ffc5000-0x3ffeffff]
[    0.000000] kvm-clock: cpu 0, msr 0:3ff44001, primary cpu clock
[    0.000000] kvm-clock: Using msrs 4b564d01 and 4b564d00
[    0.000000] kvm-clock: using sched offset of 4039498704 cycles
[    0.000000] clocksource: kvm-clock: mask: 0xffffffffffffffff max_cycles: 0x1cd42e4dffb, max_idle_ns: 881590591483 ns
[    0.000000] Zone ranges:
[    0.000000]   DMA      [mem 0x0000000000001000-0x0000000000ffffff]
[    0.000000]   DMA32    [mem 0x0000000001000000-0x000000003ffeffff]
[    0.000000]   Normal   empty
[    0.000000]   Device   empty
[    0.000000] Movable zone start for each node
[    0.000000] Early memory node ranges
[    0.000000]   node   0: [mem 0x0000000000001000-0x000000000009efff]
[    0.000000]   node   0: [mem 0x0000000000100000-0x000000003ffeffff]
[    0.000000] Reserved but unavailable: 98 pages
[    0.000000] Initmem setup node 0 [mem 0x0000000000001000-0x000000003ffeffff]
[    0.000000] ACPI: PM-Timer IO Port: 0x4008
[    0.000000] IOAPIC[0]: apic_id 2, version 32, address 0xfec00000, GSI 0-23
[    0.000000] ACPI: INT_SRC_OVR (bus 0 bus_irq 0 global_irq 2 dfl dfl)
[    0.000000] ACPI: INT_SRC_OVR (bus 0 bus_irq 9 global_irq 9 low level)
[    0.000000] Using ACPI (MADT) for SMP configuration information
[    0.000000] smpboot: Allowing 2 CPUs, 0 hotplug CPUs
[    0.000000] PM: Registered nosave memory: [mem 0x00000000-0x00000fff]
[    0.000000] PM: Registered nosave memory: [mem 0x0009f000-0x0009ffff]
[    0.000000] PM: Registered nosave memory: [mem 0x000a0000-0x000effff]
[    0.000000] PM: Registered nosave memory: [mem 0x000f0000-0x000fffff]
[    0.000000] e820: [mem 0x40000000-0xfebfffff] available for PCI devices
[    0.000000] Booting paravirtualized kernel on KVM
[    0.000000] clocksource: refined-jiffies: mask: 0xffffffff max_cycles: 0xffffffff, max_idle_ns: 7645519600211568 ns
[    0.000000] random: get_random_bytes called from start_kernel+0x99/0x4fd with crng_init=0
[    0.000000] setup_percpu: NR_CPUS:8192 nr_cpumask_bits:2 nr_cpu_ids:2 nr_node_ids:1
[    0.000000] percpu: Embedded 45 pages/cpu s147456 r8192 d28672 u1048576
[    0.000000] PV qspinlock hash table entries: 256 (order: 0, 4096 bytes)
[    0.000000] Built 1 zonelists, mobility grouping on.  Total pages: 257913
[    0.000000] Policy zone: DMA32
[    0.000000] Kernel command line: BOOT_IMAGE=/boot/vmlinuz-4.15.0-76-generic root=LABEL=cloudimg-rootfs ro console=tty1 console=ttyS0
[    0.000000] Memory: 983080K/1048120K available (12300K kernel code, 2481K rwdata, 4260K rodata, 2428K init, 2704K bss, 65040K reserved, 0K cma-reserved)
[    0.000000] SLUB: HWalign=64, Order=0-3, MinObjects=0, CPUs=2, Nodes=1
[    0.000000] Kernel/User page tables isolation: enabled
[    0.000000] ftrace: allocating 39322 entries in 154 pages
[    0.004000] Hierarchical RCU implementation.
[    0.004000] 	RCU restricting CPUs from NR_CPUS=8192 to nr_cpu_ids=2.
[    0.004000] 	Tasks RCU enabled.
[    0.004000] RCU: Adjusting geometry for rcu_fanout_leaf=16, nr_cpu_ids=2
[    0.004000] NR_IRQS: 524544, nr_irqs: 440, preallocated irqs: 16
[    0.004000] Console: colour VGA+ 80x25
[    0.004000] console [tty1] enabled
[    0.004000] console [ttyS0] enabled
[    0.004000] ACPI: Core revision 20170831
[    0.004000] ACPI: 2 ACPI AML tables successfully acquired and loaded
[    0.004000] APIC: Switch to symmetric I/O mode setup
[    0.004000] x2apic enabled
[    0.004000] Switched APIC routing to physical x2apic.
[    0.004000] ..TIMER: vector=0x30 apic1=0 pin1=2 apic2=-1 pin2=-1
[    0.004004] tsc: Detected 2712.000 MHz processor
[    0.004797] Calibrating delay loop (skipped) preset value.. 5424.00 BogoMIPS (lpj=10848000)
[    0.005416] pid_max: default: 32768 minimum: 301
[    0.006425] Security Framework initialized
[    0.008003] Yama: becoming mindful.
[    0.008650] AppArmor: AppArmor initialized
[    0.012043] Dentry cache hash table entries: 131072 (order: 8, 1048576 bytes)
[    0.013403] Inode-cache hash table entries: 65536 (order: 7, 524288 bytes)
[    0.014562] Mount-cache hash table entries: 2048 (order: 2, 16384 bytes)
[    0.016007] Mountpoint-cache hash table entries: 2048 (order: 2, 16384 bytes)
[    0.017447] Last level iTLB entries: 4KB 64, 2MB 8, 4MB 8
[    0.018448] Last level dTLB entries: 4KB 64, 2MB 0, 4MB 0, 1GB 4
[    0.020004] Spectre V1 : Mitigation: usercopy/swapgs barriers and __user pointer sanitization
[    0.021260] Spectre V2 : Mitigation: Full generic retpoline
[    0.022180] Spectre V2 : Spectre v2 / SpectreRSB mitigation: Filling RSB on context switch
[    0.023553] Speculative Store Bypass: Vulnerable
[    0.024027] MDS: Vulnerable: Clear CPU buffers attempted, no microcode
[    0.025386] Freeing SMP alternatives memory: 36K
[    0.137138] smpboot: CPU0: Intel(R) Core(TM) i5-7200U CPU @ 2.50GHz (family: 0x6, model: 0x8e, stepping: 0x9)
[    0.138890] Performance Events: unsupported p6 CPU model 142 no PMU driver, software events only.
[    0.140000] Hierarchical SRCU implementation.
[    0.140548] NMI watchdog: Perf event create on CPU 0 failed with -2
[    0.141629] NMI watchdog: Perf NMI watchdog permanently disabled
[    0.142779] smp: Bringing up secondary CPUs ...
[    0.143859] x86: Booting SMP configuration:
[    0.144004] .... node  #0, CPUs:      #1
[    0.004000] kvm-clock: cpu 1, msr 0:3ff44041, secondary cpu clock
[    0.148026] smp: Brought up 1 node, 2 CPUs
[    0.148646] smpboot: Max logical packages: 1
[    0.149317] smpboot: Total of 2 processors activated (10848.00 BogoMIPS)
[    0.150482] devtmpfs: initialized
[    0.150482] x86/mm: Memory block size: 128MB
[    0.152138] evm: security.selinux
[    0.152698] evm: security.SMACK64
[    0.153231] evm: security.SMACK64EXEC
[    0.153825] evm: security.SMACK64TRANSMUTE
[    0.154455] evm: security.SMACK64MMAP
[    0.155039] evm: security.apparmor
[    0.155579] evm: security.ima
[    0.156003] evm: security.capability
[    0.156627] clocksource: jiffies: mask: 0xffffffff max_cycles: 0xffffffff, max_idle_ns: 7645041785100000 ns
[    0.157579] futex hash table entries: 512 (order: 3, 32768 bytes)
[    0.160027] pinctrl core: initialized pinctrl subsystem
[    0.161078] RTC time:  9:07:56, date: 02/05/20
[    0.161998] NET: Registered protocol family 16
[    0.164070] audit: initializing netlink subsys (disabled)
[    0.165043] audit: type=2000 audit(1580893681.519:1): state=initialized audit_enabled=0 res=1
[    0.165498] cpuidle: using governor ladder
[    0.165498] cpuidle: using governor menu
[    0.168047] ACPI: bus type PCI registered
[    0.168676] acpiphp: ACPI Hot Plug PCI Controller Driver version: 0.5
[    0.169910] PCI: Using configuration type 1 for base access
[    0.172647] HugeTLB registered 2.00 MiB page size, pre-allocated 0 pages
[    0.173044] ACPI: Added _OSI(Module Device)
[    0.173044] ACPI: Added _OSI(Processor Device)
[    0.173400] ACPI: Added _OSI(3.0 _SCP Extensions)
[    0.176005] ACPI: Added _OSI(Processor Aggregator Device)
[    0.176827] ACPI: Added _OSI(Linux-Dell-Video)
[    0.177507] ACPI: Added _OSI(Linux-Lenovo-NV-HDMI-Audio)
[    0.178298] ACPI: Added _OSI(Linux-HPI-Hybrid-Graphics)
[    0.179371] ACPI: Executed 1 blocks of module-level executable AML code
[    0.183585] ACPI: Interpreter enabled
[    0.184014] ACPI: (supports S0 S5)
[    0.184581] ACPI: Using IOAPIC for interrupt routing
[    0.185549] PCI: Using host bridge windows from ACPI; if necessary, use "pci=nocrs" and report a bug
[    0.187231] ACPI: Enabled 2 GPEs in block 00 to 07
[    0.196880] ACPI: PCI Root Bridge [PCI0] (domain 0000 [bus 00-ff])
[    0.198139] acpi PNP0A03:00: _OSC: OS supports [ASPM ClockPM Segments MSI]
[    0.199585] acpi PNP0A03:00: _OSC: not requesting OS control; OS requires [ExtendedConfig ASPM ClockPM MSI]
[    0.200020] acpi PNP0A03:00: fail to add MMCONFIG information, can't access extended PCI configuration space under this bridge.
[    0.202689] PCI host bridge to bus 0000:00
[    0.204005] pci_bus 0000:00: root bus resource [io  0x0000-0x0cf7 window]
[    0.205121] pci_bus 0000:00: root bus resource [io  0x0d00-0xffff window]
[    0.206484] pci_bus 0000:00: root bus resource [mem 0x000a0000-0x000bffff window]
[    0.208000] pci_bus 0000:00: root bus resource [mem 0x40000000-0xfdffffff window]
[    0.208006] pci_bus 0000:00: root bus resource [bus 00-ff]
[    0.214008] pci 0000:00:01.1: legacy IDE quirk: reg 0x10: [io  0x01f0-0x01f7]
[    0.215432] pci 0000:00:01.1: legacy IDE quirk: reg 0x14: [io  0x03f6]
[    0.216006] pci 0000:00:01.1: legacy IDE quirk: reg 0x18: [io  0x0170-0x0177]
[    0.217548] pci 0000:00:01.1: legacy IDE quirk: reg 0x1c: [io  0x0376]
[    0.238030] pci 0000:00:07.0: quirk: [io  0x4000-0x403f] claimed by PIIX4 ACPI
[    0.239164] pci 0000:00:07.0: quirk: [io  0x4100-0x410f] claimed by PIIX4 SMB
[    0.245735] ACPI: PCI Interrupt Link [LNKA] (IRQs 5 9 10 *11)
[    0.246916] ACPI: PCI Interrupt Link [LNKB] (IRQs 5 9 *10 11)
[    0.248113] ACPI: PCI Interrupt Link [LNKC] (IRQs 5 *9 10 11)
[    0.249128] ACPI: PCI Interrupt Link [LNKD] (IRQs 5 9 10 *11)
[    0.250276] SCSI subsystem initialized
[    0.250929] pci 0000:00:02.0: vgaarb: setting as boot VGA device
[    0.250929] pci 0000:00:02.0: vgaarb: VGA device added: decodes=io+mem,owns=io+mem,locks=none
[    0.252011] pci 0000:00:02.0: vgaarb: bridge control possible
[    0.252867] vgaarb: loaded
[    0.253331] ACPI: bus type USB registered
[    0.253984] usbcore: registered new interface driver usbfs
[    0.256020] usbcore: registered new interface driver hub
[    0.257177] usbcore: registered new device driver usb
[    0.258159] EDAC MC: Ver: 3.0.0
[    0.258159] PCI: Using ACPI for IRQ routing
[    0.260353] NetLabel: Initializing
[    0.261102] NetLabel:  domain hash size = 128
[    0.262023] NetLabel:  protocols = UNLABELED CIPSOv4 CALIPSO
[    0.263207] NetLabel:  unlabeled traffic allowed by default
[    0.264083] clocksource: Switched to clocksource kvm-clock
[    0.292680] VFS: Disk quotas dquot_6.6.0
[    0.293585] VFS: Dquot-cache hash table entries: 512 (order 0, 4096 bytes)
[    0.294879] AppArmor: AppArmor Filesystem Enabled
[    0.295824] pnp: PnP ACPI init
[    0.297744] pnp: PnP ACPI: found 3 devices
[    0.307623] clocksource: acpi_pm: mask: 0xffffff max_cycles: 0xffffff, max_idle_ns: 2085701024 ns
[    0.309518] NET: Registered protocol family 2
[    0.310620] TCP established hash table entries: 8192 (order: 4, 65536 bytes)
[    0.312044] TCP bind hash table entries: 8192 (order: 5, 131072 bytes)
[    0.320159] TCP: Hash tables configured (established 8192 bind 8192)
[    0.321320] UDP hash table entries: 512 (order: 2, 16384 bytes)
[    0.322311] UDP-Lite hash table entries: 512 (order: 2, 16384 bytes)
[    0.323484] NET: Registered protocol family 1
[    0.324326] pci 0000:00:00.0: Limiting direct PCI/PCI transfers
[    0.325489] pci 0000:00:01.0: Activating ISA DMA hang workarounds
[    0.326673] pci 0000:00:02.0: Video device with shadowed ROM at [mem 0x000c0000-0x000dffff]
[    0.328526] Unpacking initramfs...
[    0.805156] Freeing initrd memory: 19200K
[    0.806605] clocksource: tsc: mask: 0xffffffffffffffff max_cycles: 0x2717868ea45, max_idle_ns: 440795316085 ns
[    0.808906] platform rtc_cmos: registered platform RTC device (no PNP device found)
[    0.810420] Scanning for low memory corruption every 60 seconds
[    0.812054] Initialise system trusted keyrings
[    0.812926] Key type blacklist registered
[    0.813699] workingset: timestamp_bits=36 max_order=18 bucket_order=0
[    0.815628] zbud: loaded
[    0.816526] squashfs: version 4.0 (2009/01/31) Phillip Lougher
[    0.817741] fuse init (API version 7.26)
[    0.820387] Key type asymmetric registered
[    0.821044] Asymmetric key parser 'x509' registered
[    0.821823] Block layer SCSI generic (bsg) driver version 0.4 loaded (major 246)
[    0.823093] io scheduler noop registered
[    0.823810] io scheduler deadline registered
[    0.824598] io scheduler cfq registered (default)
[    0.825586] ACPI: AC Adapter [AC] (on-line)
[    0.826303] input: Power Button as /devices/LNXSYSTM:00/LNXPWRBN:00/input/input0
[    0.827478] ACPI: Power Button [PWRF]
[    0.828154] input: Sleep Button as /devices/LNXSYSTM:00/LNXSLPBN:00/input/input1
[    0.829296] ACPI: Sleep Button [SLPF]
[    0.830912] ACPI: Battery Slot [BAT0] (battery present)
[    0.831774] Serial: 8250/16550 driver, 32 ports, IRQ sharing enabled
[    0.853779] 00:02: ttyS0 at I/O 0x3f8 (irq = 4, base_baud = 115200) is a 16550A
[    0.859235] Linux agpgart interface v0.103
[    0.861447] loop: module loaded
[    0.862441] scsi host0: ata_piix
[    0.863077] scsi host1: ata_piix
[    0.863624] ata1: PATA max UDMA/33 cmd 0x1f0 ctl 0x3f6 bmdma 0xd000 irq 14
[    0.864663] ata2: PATA max UDMA/33 cmd 0x170 ctl 0x376 bmdma 0xd008 irq 15
[    0.866246] libphy: Fixed MDIO Bus: probed
[    0.866896] tun: Universal TUN/TAP device driver, 1.6
[    0.867778] PPP generic driver version 2.4.2
[    0.868706] ehci_hcd: USB 2.0 'Enhanced' Host Controller (EHCI) Driver
[    0.869731] ehci-pci: EHCI PCI platform driver
[    0.870424] ehci-platform: EHCI generic platform driver
[    0.871217] ohci_hcd: USB 1.1 'Open' Host Controller (OHCI) Driver
[    0.872228] ohci-pci: OHCI PCI platform driver
[    0.873073] ohci-platform: OHCI generic platform driver
[    0.874043] uhci_hcd: USB Universal Host Controller Interface driver
[    0.875190] i8042: PNP: PS/2 Controller [PNP0303:PS2K,PNP0f03:PS2M] at 0x60,0x64 irq 1,12
[    0.877176] serio: i8042 KBD port at 0x60,0x64 irq 1
[    0.878048] serio: i8042 AUX port at 0x60,0x64 irq 12
[    0.879040] mousedev: PS/2 mouse device common for all mice
[    0.880514] input: AT Translated Set 2 keyboard as /devices/platform/i8042/serio0/input/input2
[    0.881845] rtc_cmos rtc_cmos: rtc core: registered rtc_cmos as rtc0
[    0.883152] rtc_cmos rtc_cmos: alarms up to one day, 114 bytes nvram
[    0.884350] i2c /dev entries driver
[    0.885057] device-mapper: uevent: version 1.0.3
[    0.886056] device-mapper: ioctl: 4.37.0-ioctl (2017-09-20) initialised: dm-devel@redhat.com
[    0.887405] ledtrig-cpu: registered to indicate activity on CPUs
[    0.889239] NET: Registered protocol family 10
[    0.893225] Segment Routing with IPv6
[    0.894014] NET: Registered protocol family 17
[    0.894936] Key type dns_resolver registered
[    0.895953] mce: Using 0 MCE banks
[    0.896853] RAS: Correctable Errors collector initialized.
[    0.897801] sched_clock: Marking stable (896828982, 0)->(1081242766, -184413784)
[    0.899459] registered taskstats version 1
[    0.900208] Loading compiled-in X.509 certificates
[    0.903048] Loaded X.509 cert 'Build time autogenerated kernel key: 665cd2b89e03521f57c41865f552ebce30a0c7fb'
[    0.904835] zswap: loaded using pool lzo/zbud
[    0.909230] Key type big_key registered
[    0.910070] Key type trusted registered
[    0.913054] Key type encrypted registered
[    0.914049] AppArmor: AppArmor sha1 policy hashing enabled
[    0.915052] ima: No TPM chip found, activating TPM-bypass! (rc=-19)
[    0.916031] ima: Allocated hash algorithm: sha1
[    0.916904] evm: HMAC attrs: 0x1
[    0.918072]   Magic number: 8:367:120
[    0.918880] misc device-mapper: hash matches
[    0.919997] rtc_cmos rtc_cmos: setting system clock to 2020-02-05 09:07:57 UTC (1580893677)
[    0.921848] BIOS EDD facility v0.16 2004-Jun-25, 0 devices found
[    0.923161] EDD information not available.
[    1.027241] Freeing unused kernel image memory: 2428K
[    1.048208] Write protecting the kernel read-only data: 20480k
[    1.050468] Freeing unused kernel image memory: 2008K
[    1.052922] Freeing unused kernel image memory: 1884K
[    1.060960] x86/mm: Checked W+X mappings: passed, no W+X pages found.
[    1.062464] x86/mm: Checking user space page tables
[    1.068792] x86/mm: Checked W+X mappings: passed, no W+X pages found.
Loading, please wait...
starting version 237
[    1.127685] Fusion MPT base driver 3.04.20
[    1.129111] Copyright (c) 1999-2008 LSI Corporation
[    1.137723] e1000: Intel(R) PRO/1000 Network Driver - version 7.3.21-k8-NAPI
[    1.138951] e1000: Copyright (c) 1999-2006 Intel Corporation.
[    1.141946] Fusion MPT SPI Host driver 3.04.20
[    1.159239] AVX2 version of gcm_enc/dec engaged.
[    1.161427] AES CTR mode by8 optimization enabled
[    1.351608] input: ImExPS/2 Generic Explorer Mouse as /devices/platform/i8042/serio1/input/input4
[    1.532674] e1000 0000:00:03.0 eth0: (PCI:33MHz:32-bit) 02:39:cc:03:60:4d
[    1.534019] e1000 0000:00:03.0 eth0: Intel(R) PRO/1000 Network Connection
[    1.536167] mptbase: ioc0: Initiating bringup
[    1.537115] e1000 0000:00:03.0 enp0s3: renamed from eth0
[    1.658314] ioc0: LSI53C1030 A0: Capabilities={Initiator}
[    2.664745] scsi host2: ioc0: LSI53C1030 A0, FwRev=00000000h, Ports=1, MaxQ=256, IRQ=20
[    2.914618] scsi 2:0:0:0: Direct-Access     VBOX     HARDDISK         1.0  PQ: 0 ANSI: 5
[    3.311837] scsi target2:0:0: Beginning Domain Validation
[    3.314316] scsi target2:0:0: Domain Validation skipping write tests
[    3.315274] scsi target2:0:0: Ending Domain Validation
[    3.316205] scsi target2:0:0: asynchronous
[    3.317153] scsi 2:0:1:0: Direct-Access     VBOX     HARDDISK         1.0  PQ: 0 ANSI: 5
[    3.752172] scsi target2:0:1: Beginning Domain Validation
[    3.753817] random: fast init done
[    3.754583] scsi target2:0:1: Domain Validation skipping write tests
[    3.755679] scsi target2:0:1: Ending Domain Validation
[    3.756788] scsi target2:0:1: asynchronous
[    3.760382] random: systemd-udevd: uninitialized urandom read (16 bytes read)
[    3.761670] random: systemd-udevd: uninitialized urandom read (16 bytes read)
[    3.763009] random: systemd-udevd: uninitialized urandom read (16 bytes read)
[    3.764727] sd 2:0:0:0: Attached scsi generic sg0 type 0
[    3.766127] sd 2:0:0:0: [sda] 20971520 512-byte logical blocks: (10.7 GB/10.0 GiB)
[    3.767772] sd 2:0:1:0: Attached scsi generic sg1 type 0
[    3.767792] sd 2:0:0:0: [sda] Write Protect is off
[    3.770137] sd 2:0:1:0: [sdb] 20480 512-byte logical blocks: (10.5 MB/10.0 MiB)
[    3.771448] sd 2:0:0:0: [sda] Incomplete mode parameter data
[    3.772675] sd 2:0:0:0: [sda] Assuming drive cache: write through
[    3.773961] sd 2:0:1:0: [sdb] Write Protect is off
[    3.775112] sd 2:0:1:0: [sdb] Incomplete mode parameter data
[    3.776248] sd 2:0:1:0: [sdb] Assuming drive cache: write through
[    3.834090]  sda: sda1
[    3.835309] sd 2:0:0:0: [sda] Attached SCSI disk
[    3.851250] sd 2:0:1:0: [sdb] Attached SCSI disk
Begin: Loading essential drivers ... [    5.320382] raid6: sse2x1   gen()  9549 MB/s
[    5.368215] raid6: sse2x1   xor()  6443 MB/s
[    5.416044] raid6: sse2x2   gen() 10469 MB/s
[    5.464841] raid6: sse2x2   xor()  6989 MB/s
[    5.512724] raid6: sse2x4   gen() 12785 MB/s
[    5.560487] raid6: sse2x4   xor()  8019 MB/s
[    5.608326] raid6: avx2x1   gen() 19041 MB/s
[    5.656218] raid6: avx2x1   xor() 13111 MB/s
[    5.704023] raid6: avx2x2   gen() 21660 MB/s
[    5.752764] raid6: avx2x2   xor() 12035 MB/s
[    5.800606] raid6: avx2x4   gen() 25195 MB/s
[    5.848410] raid6: avx2x4   xor() 15602 MB/s
[    5.849386] raid6: using algorithm avx2x4 gen() 25195 MB/s
[    5.850531] raid6: .... xor() 15602 MB/s, rmw enabled
[    5.851678] raid6: using avx2x2 recovery algorithm
[    5.854012] xor: automatically using best checksumming function   avx       
[    5.856805] async_tx: api initialized (async)
done.
Begin: Running /scripts/init-premount ... done.
Begin: Mounting root file system ... Begin: Running /scripts/local-top ... done.
Begin: Running /scripts/local-premount ... [    5.906491] Btrfs loaded, crc32c=crc32c-intel
Scanning for Btrfs filesystems
done.
Warning: fsck not present, so skipping root file system
[    6.000152] EXT4-fs (sda1): INFO: recovery required on readonly filesystem
[    6.001161] EXT4-fs (sda1): write access will be enabled during recovery
[    6.378478] EXT4-fs (sda1): recovery complete
[    6.379856] EXT4-fs (sda1): mounted filesystem with ordered data mode. Opts: (null)
done.
Begin: Running /scripts/local-bottom ... done.
Begin: Running /scripts/init-bottom ... done.
[    6.877670] random: crng init done
[    6.878407] random: 7 urandom warning(s) missed due to ratelimiting
[    8.020213] ip_tables: (C) 2000-2006 Netfilter Core Team
[    8.137529] systemd[1]: systemd 237 running in system mode. (+PAM +AUDIT +SELINUX +IMA +APPARMOR +SMACK +SYSVINIT +UTMP +LIBCRYPTSETUP +GCRYPT +GNUTLS +ACL +XZ +LZ4 +SECCOMP +BLKID +ELFUTILS +KMOD -IDN2 +IDN -PCRE2 default-hierarchy=hybrid)
[    8.141350] systemd[1]: Detected virtualization oracle.
[    8.142309] systemd[1]: Detected architecture x86-64.

Welcome to [1mUbuntu 18.04.4 LTS[0m!

[    8.192559] systemd[1]: Set hostname to <ubuntu-bionic>.
[   10.145364] systemd[1]: Started Forward Password Requests to Wall Directory Watch.
[[0;32m  OK  [0m] Started Forward Password Requests to Wall Directory Watch.
[   10.148782] systemd[1]: Reached target Swap.
[[0;32m  OK  [0m] Reached target Swap.
[   10.152127] systemd[1]: Created slice System Slice.
[[0;32m  OK  [0m] Created slice System Slice.
[   10.153931] systemd[1]: Listening on Journal Socket.
[[0;32m  OK  [0m] Listening on Journal Socket.
[   10.156878] systemd[1]: Mounting Kernel Debug File System...
         Mounting Kernel Debug File System...
[   10.158932] systemd[1]: Reached target User and Group Name Lookups.
[[0;32m  OK  [0m] Reached target User and Group Name Lookups.
[[0;32m  OK  [0m] Reached target System Time Synchronized.
[[0;32m  OK  [0m] Created slice system-serial\x2dgetty.slice.
[[0;32m  OK  [0m] Listening on udev Control Socket.
         Mounting Huge Pages File System...
[[0;32m  OK  [0m] Listening on Device-mapper event daemon FIFOs.
         Starting Set the console keyboard layout...
[[0;32m  OK  [0m] Set up automount Arbitrary Executab…rmats File System Automount Point.
[[0;32m  OK  [0m] Listening on LVM2 metadata daemon socket.
         Starting Monitoring of LVM2 mirrors…ng dmeventd or progress polling...
[[0;32m  OK  [0m] Listening on Journal Socket (/dev/log).
         Mounting POSIX Message Queue File System...
         Starting Remount Root and Kernel File Systems...
[[0;32m  OK  [0m] Created slice User and Session Slice.
[[0;32m  OK  [0m] Reached target Slices.
         Starting Create list of required st…ce nodes for the current kernel...
[[0;32m  OK  [0m] Listening on Network Service Netlink Socket.
         Starting Load Kernel Modules...
[[0;32m  OK  [0m] Listening on udev Kernel Socket.
[[0;32m  OK  [0m] Listening on Syslog Socket.
         Starting Uncomplicated firewall...
[[0;32m  OK  [0m] Listening on /dev/initctl Compatibility Named Pipe.
[[0;32m  OK  [0m] Listening on LVM2 poll daemon socket.
         Starting udev Coldplug all Devices...
[[0;32m  OK  [0m] Listening on Journal Audit Socket.
         Starting Journal Service...
[   10.379313] EXT4-fs (sda1): re-mounted. Opts: (null)
[[0;32m  OK  [0m] Mounted Kernel Debug File System.
[[0;32m  OK  [0m] Mounted Huge Pages File System.
[[0;32m  OK  [0m] Mounted POSIX Message Queue File System.
[[0;32m  OK  [0m] Started Remount Root and Kernel File Systems.
[[0;32m  OK  [0m] Started Create list of required sta…vice nodes for the current kernel.
         Starting Create Static Device Nodes in /dev...
         Starting Load/Save Random Seed...
[[0;32m  OK  [0m] Started Uncomplicated firewall.
[[0;32m  OK  [0m] Started udev Coldplug all Devices.
[[0;32m  OK  [0m] Started Journal Service.
         Starting Flush Journal to Persistent Storage...
[[0;32m  OK  [0m] Started Load/Save Random Seed.
[   10.738684] systemd-journald[409]: Received request to flush runtime journal from PID 1
[   10.808156] Loading iSCSI transport class v2.0-870.
[   10.823916] iscsi: registered transport (tcp)
[[0;32m  OK  [0m] Started Set the console keyboard layout.
[[0;32m  OK  [0m] Started LVM2 metadata daemon.
[[0;32m  OK  [0m] Started Create Static Device Nodes in /dev.
         Starting udev Kernel Device Manager...
[   11.043441] iscsi: registered transport (iser)
[[0;32m  OK  [0m] Started Load Kernel Modules.
         Mounting FUSE Control File System...
         Mounting Kernel Configuration File System...
         Starting Apply Kernel Variables...
[[0;32m  OK  [0m] Mounted FUSE Control File System.
[[0;32m  OK  [0m] Mounted Kernel Configuration File System.
[[0;32m  OK  [0m] Started Monitoring of LVM2 mirrors,…sing dmeventd or progress polling.
[[0;32m  OK  [0m] Reached target Local File Systems (Pre).
[[0;32m  OK  [0m] Reached target Local File Systems.
         Starting Set console font and keymap...
         Starting Tell Plymouth To Write Out Runtime Data...
         Starting AppArmor initialization...
         Starting ebtables ruleset management...
[[0;32m  OK  [0m] Started Set console font and keymap.
[[0;32m  OK  [0m] Started Tell Plymouth To Write Out Runtime Data.
[[0;32m  OK  [0m] Started udev Kernel Device Manager.
[[0;32m  OK  [0m] Started Dispatch Password Requests to Console Directory Watch.
[[0;32m  OK  [0m] Reached target Local Encrypted Volumes.
[[0;32m  OK  [0m] Started Apply Kernel Variables.
[[0;32m  OK  [0m] Started Flush Journal to Persistent Storage.
         Starting Create Volatile Files and Directories...
[[0;32m  OK  [0m] Started Create Volatile Files and Directories.
         Starting Update UTMP about System Boot/Shutdown...
[[0;32m  OK  [0m] Started Update UTMP about System Boot/Shutdown.
[[0;32m  OK  [0m] Started ebtables ruleset management.
[[0;32m  OK  [0m] Found device /dev/ttyS0.
[[0;32m  OK  [0m] Listening on Load/Save RF Kill Switch Status /dev/rfkill Watch.
[[0;32m  OK  [0m] Started AppArmor initialization.
         Starting Initial cloud-init job (pre-networking)...
[   19.473324] cloud-init[546]: Cloud-init v. 19.4-33-gbb4131a2-0ubuntu1~18.04.1 running 'init-local' at Wed, 05 Feb 2020 09:08:15 +0000. Up 18.93 seconds.
[[0;32m  OK  [0m] Started Initial cloud-init job (pre-networking).
[[0;32m  OK  [0m] Reached target Network (Pre).
         Starting Network Service...
[[0;32m  OK  [0m] Started Network Service.
         Starting Wait for Network to be Configured...
         Starting Network Name Resolution...
[[0;32m  OK  [0m] Started Network Name Resolution.
[[0;32m  OK  [0m] Reached target Network.
[[0;32m  OK  [0m] Reached target Host and Network Name Lookups.
[[0;32m  OK  [0m] Started Wait for Network to be Configured.
         Starting Initial cloud-init job (metadata service crawler)...
[   22.332340] cloud-init[680]: Cloud-init v. 19.4-33-gbb4131a2-0ubuntu1~18.04.1 running 'init' at Wed, 05 Feb 2020 09:08:18 +0000. Up 22.08 seconds.
[   22.334135] cloud-init[680]: ci-info: ++++++++++++++++++++++++++++++++++++++Net device info++++++++++++++++++++++++++++++++++++++
[   22.335628] cloud-init[680]: ci-info: +--------+------+----------------------------+---------------+--------+-------------------+
[   22.337278] cloud-init[680]: ci-info: | Device |  Up  |          Address           |      Mask     | Scope  |     Hw-Address    |
[   22.338988] cloud-init[680]: ci-info: +--------+------+----------------------------+---------------+--------+-------------------+
[   22.340662] cloud-init[680]: ci-info: | enp0s3 | True |         10.0.2.15          | 255.255.255.0 | global | 02:39:cc:03:60:4d |
[   22.342411] cloud-init[680]: ci-info: | enp0s3 | True | fe80::39:ccff:fe03:604d/64 |       .       |  link  | 02:39:cc:03:60:4d |
[   22.344052] cloud-init[680]: ci-info: |   lo   | True |         127.0.0.1          |   255.0.0.0   |  host  |         .         |
[   22.345793] cloud-init[680]: ci-info: |   lo   | True |          ::1/128           |       .       |  host  |         .         |
[   22.347387] cloud-init[680]: ci-info: +--------+------+----------------------------+---------------+--------+-------------------+
[   22.349038] cloud-init[680]: ci-info: ++++++++++++++++++++++++++++Route IPv4 info+++++++++++++++++++++++++++++
[   22.350589] cloud-init[680]: ci-info: +-------+-------------+----------+-----------------+-----------+-------+
[   22.352008] cloud-init[680]: ci-info: | Route | Destination | Gateway  |     Genmask     | Interface | Flags |
[   22.353465] cloud-init[680]: ci-info: +-------+-------------+----------+-----------------+-----------+-------+
[   22.354840] cloud-init[680]: ci-info: |   0   |   0.0.0.0   | 10.0.2.2 |     0.0.0.0     |   enp0s3  |   UG  |
[   22.356267] cloud-init[680]: ci-info: |   1   |   10.0.2.0  | 0.0.0.0  |  255.255.255.0  |   enp0s3  |   U   |
[   22.357648] cloud-init[680]: ci-info: |   2   |   10.0.2.2  | 0.0.0.0  | 255.255.255.255 |   enp0s3  |   UH  |
[   22.359133] cloud-init[680]: ci-info: +-------+-------------+----------+-----------------+-----------+-------+
[   22.361189] cloud-init[680]: ci-info: +++++++++++++++++++Route IPv6 info+++++++++++++++++++
[   22.362410] cloud-init[680]: ci-info: +-------+-------------+---------+-----------+-------+
[   22.372504] cloud-init[680]: ci-info: | Route | Destination | Gateway | Interface | Flags |
[   22.373747] cloud-init[680]: ci-info: +-------+-------------+---------+-----------+-------+
[   22.374932] cloud-init[680]: ci-info: |   1   |  fe80::/64  |    ::   |   enp0s3  |   U   |
[   22.376258] cloud-init[680]: ci-info: |   3   |    local    |    ::   |   enp0s3  |   U   |
[   22.377557] cloud-init[680]: ci-info: |   4   |   ff00::/8  |    ::   |   enp0s3  |   U   |
[   22.378717] cloud-init[680]: ci-info: +-------+-------------+---------+-----------+-------+
[[0;32m  OK  [0m] Started Initial cloud-init job (metadata service crawler).
[[0;32m  OK  [0m] Reached target System Initialization.
[[0;32m  OK  [0m] Listening on UUID daemon activation socket.
[[0;32m  OK  [0m] Started Daily apt upgrade and clean activities.
[[0;32m  OK  [0m] Listening on D-Bus System Message Bus Socket.
[[0;32m  OK  [0m] Started Discard unused blocks once a week.
         Starting Socket activation for snappy daemon.
         Starting LXD - unix socket.
[[0;32m  OK  [0m] Started Message of the Day.
[[0;32m  OK  [0m] Started Daily Cleanup of Temporary Directories.
[[0;32m  OK  [0m] Reached target Timers.
[[0;32m  OK  [0m] Started ACPI Events Check.
[[0;32m  OK  [0m] Reached target Paths.
[[0;32m  OK  [0m] Listening on Open-iSCSI iscsid Socket.
[[0;32m  OK  [0m] Listening on ACPID Listen Socket.
[[0;32m  OK  [0m] Reached target Network is Online.
[[0;32m  OK  [0m] Reached target Remote File Systems (Pre).
[[0;32m  OK  [0m] Reached target Remote File Systems.
         Starting Availability of block devices...
[[0;32m  OK  [0m] Reached target Cloud-config availability.
[[0;32m  OK  [0m] Listening on Socket activation for snappy daemon.
[[0;32m  OK  [0m] Listening on LXD - unix socket.
[[0;32m  OK  [0m] Reached target Sockets.
[[0;32m  OK  [0m] Reached target Basic System.
         Starting LSB: automatic crash report generation...
[[0;32m  OK  [0m] Started Regular background program processing daemon.
         Starting Daily apt upgrade and clean activities...
[[0;32m  OK  [0m] Started Deferred execution scheduler.
[[0;32m  OK  [0m] Started irqbalance daemon.
[[0;32m  OK  [0m] Started FUSE filesystem for LXC.
         Starting Permit User Sessions...
[[0;32m  OK  [0m] Started D-Bus System Message Bus.
         Starting Login Service...
         Starting Dispatcher daemon for systemd-networkd...
         Starting OpenBSD Secure Shell server...
         Starting LSB: Record successful boot for GRUB...
         Starting Virtualbox guest utils...
         Starting Snappy daemon...
         Starting System Logging Service...
         Starting LXD - container startup/shutdown...
         Starting Accounts Service...
[[0;32m  OK  [0m] Started Availability of block devices.
[[0;32m  OK  [0m] Started Permit User Sessions.
[[0;32m  OK  [0m] Started Login Service.
[[0;32m  OK  [0m] Started Unattended Upgrades Shutdown.
         Starting Terminate Plymouth Boot Screen...
         Starting Hold until boot process finishes up...
[[0;32m  OK  [0m] Started Hold until boot process finishes up.
[[0;32m  OK  [0m] Started Serial Getty on ttyS0.
         Starting Set console scheme...
[[0;32m  OK  [0m] Started Terminate Plymouth Boot Screen.
[[0;32m  OK  [0m] Started Set console scheme.
[[0;32m  OK  [0m] Created slice system-getty.slice.
[[0;32m  OK  [0m] Started Getty on tty1.
[[0;32m  OK  [0m] Reached target Login Prompts.
[[0;32m  OK  [0m] Started LSB: automatic crash report generation.
[[0;32m  OK  [0m] Started LSB: Record successful boot for GRUB.
         Starting Authorization Manager...
[[0;32m  OK  [0m] Started System Logging Service.
[[0;32m  OK  [0m] Started Virtualbox guest utils.

Ubuntu 18.04.4 LTS ubuntu-bionic ttyS0

ubuntu-bionic login: [   36.600915] cloud-init[1220]: Cloud-init v. 19.4-33-gbb4131a2-0ubuntu1~18.04.1 running 'modules:config' at Wed, 05 Feb 2020 09:08:32 +0000. Up 36.29 seconds.
[   37.511242] cloud-init[1287]: Cloud-init v. 19.4-33-gbb4131a2-0ubuntu1~18.04.1 running 'modules:final' at Wed, 05 Feb 2020 09:08:33 +0000. Up 37.17 seconds.
[   37.511355] cloud-init[1287]: Cloud-init v. 19.4-33-gbb4131a2-0ubuntu1~18.04.1 finished at Wed, 05 Feb 2020 09:08:34 +0000. Datasource DataSourceNoCloud [seed=/dev/sdb][dsmode=net].  Up 37.44 seconds
